<?xml version="1.0" encoding="UTF-8"?>
<!-- Generated by org.testng.reporters.JUnitReportReporter -->
<testsuite hostname="Somashekars-iMac.local" failures="0" tests="1" name="Actionconcepts.MouseActionConcept" time="26.315" errors="0" timestamp="2023-06-04T08:14:45 IST" skipped="0">
  <testcase classname="Actionconcepts.MouseActionConcept" name="singleClick" time="26.315"/>
  <system-out/>
</testsuite> <!-- Actionconcepts.MouseActionConcept -->
