<?xml version="1.0" encoding="UTF-8"?>
<!-- Generated by org.testng.reporters.JUnitReportReporter -->
<testsuite hostname="Somashekars-iMac.local" failures="0" tests="1" name="testngconcept.LoginPageTest" time="19.510" errors="0" timestamp="2023-05-28T08:47:48 IST" skipped="0">
  <testcase classname="testngconcept.LoginPageTest" name="loginPage" time="19.510"/>
  <system-out/>
</testsuite> <!-- testngconcept.LoginPageTest -->
