<?xml version="1.0" encoding="UTF-8"?>
<!-- Generated by org.testng.reporters.JUnitReportReporter -->
<testsuite hostname="Somashekars-iMac.local" failures="0" tests="1" name="WindowHandleConcept.WindowHandleDemo" time="31.224" errors="0" timestamp="2023-06-05T07:16:56 IST" skipped="0">
  <testcase classname="WindowHandleConcept.WindowHandleDemo" name="alertHandling" time="31.224"/>
  <system-out/>
</testsuite> <!-- WindowHandleConcept.WindowHandleDemo -->
