<?xml version="1.0" encoding="UTF-8"?>
<!-- Generated by org.testng.reporters.JUnitReportReporter -->
<testsuite hostname="Somashekars-iMac.local" failures="0" tests="3" name="runningdifferent.RegressionSuiteConcept" time="63.812" errors="0" timestamp="2023-05-29T07:20:45 IST" skipped="0">
  <testcase classname="runningdifferent.RegressionSuiteConcept" name="userLoginTest" time="27.785"/>
  <system-out/>
  <testcase classname="runningdifferent.RegressionSuiteConcept" name="getTitlePage" time="18.110"/>
  <system-out/>
  <testcase classname="runningdifferent.RegressionSuiteConcept" name="getCurrentUrlPage" time="17.917"/>
  <system-out/>
</testsuite> <!-- runningdifferent.RegressionSuiteConcept -->
