<?xml version="1.0" encoding="UTF-8"?>
<!-- Generated by org.testng.reporters.JUnitReportReporter -->
<testsuite hostname="Somashekars-iMac.local" failures="0" tests="1" name="WindowHandleConcept.WindownHandleDemo2" time="21.645" errors="0" timestamp="2023-06-06T07:01:56 IST" skipped="0">
  <testcase classname="WindowHandleConcept.WindownHandleDemo2" name="windownHandleDemo" time="21.645"/>
  <system-out/>
</testsuite> <!-- WindowHandleConcept.WindownHandleDemo2 -->
