<?xml version="1.0" encoding="UTF-8"?>
<!-- Generated by org.testng.reporters.JUnitReportReporter -->
<testsuite hostname="Somashekars-iMac.local" failures="0" tests="1" name="testngconcept.ExceptionExpectedConcept" time="0.009" errors="0" timestamp="2023-05-27T19:05:56 IST" skipped="0">
  <testcase classname="testngconcept.ExceptionExpectedConcept" name="add" time="0.009"/>
  <system-out/>
</testsuite> <!-- testngconcept.ExceptionExpectedConcept -->
