<?xml version="1.0" encoding="UTF-8"?>
<!-- Generated by org.testng.reporters.JUnitReportReporter -->
<testsuite hostname="Somashekars-iMac.local" failures="0" tests="3" name="testngconcept.Oderofexecution" time="0.013" errors="0" timestamp="2023-05-26T09:24:23 IST" skipped="0">
  <testcase classname="testngconcept.Oderofexecution" name="ee" time="0.003"/>
  <system-out/>
  <testcase classname="testngconcept.Oderofexecution" name="eee" time="0.001"/>
  <system-out/>
  <testcase classname="testngconcept.Oderofexecution" name="e" time="0.009"/>
  <system-out/>
</testsuite> <!-- testngconcept.Oderofexecution -->
