<?xml version="1.0" encoding="UTF-8"?>
<!-- Generated by org.testng.reporters.JUnitReportReporter -->
<testsuite hostname="Somashekars-iMac.local" failures="0" tests="3" name="testngconcept.LoginpageValidations" time="30.104" errors="0" timestamp="2023-05-28T08:47:48 IST" skipped="0">
  <testcase classname="testngconcept.LoginpageValidations" name="pageTileValidation" time="8.326"/>
  <system-out/>
  <testcase classname="testngconcept.LoginpageValidations" name="selectCheckBox" time="11.654"/>
  <system-out/>
  <testcase classname="testngconcept.LoginpageValidations" name="loginAppPageTest" time="10.124"/>
  <system-out/>
</testsuite> <!-- testngconcept.LoginpageValidations -->
