<?xml version="1.0" encoding="UTF-8"?>
<!-- Generated by org.testng.reporters.JUnitReportReporter -->
<testsuite hostname="Somashekars-iMac.local" failures="0" tests="1" name="testngconcept.DependsOnMethodConcept" time="0.008" errors="0" timestamp="2023-05-27T10:16:20 IST" skipped="0">
  <testcase classname="testngconcept.DependsOnMethodConcept" name="loginPage" time="0.008"/>
  <system-out/>
</testsuite> <!-- testngconcept.DependsOnMethodConcept -->
