<?xml version="1.0" encoding="UTF-8"?>
<!-- Generated by org.testng.reporters.JUnitReportReporter -->
<testsuite hostname="Somashekars-iMac.local" failures="0" tests="1" name="Actionconcepts.CopyAndPasteConcept" time="19.571" errors="0" timestamp="2023-06-04T07:25:59 IST" skipped="0">
  <testcase classname="Actionconcepts.CopyAndPasteConcept" name="alertHandling" time="19.571"/>
  <system-out/>
</testsuite> <!-- Actionconcepts.CopyAndPasteConcept -->
