<?xml version="1.0" encoding="UTF-8"?>
<!-- Generated by org.testng.reporters.JUnitReportReporter -->
<testsuite hostname="Somashekars-iMac.local" failures="0" tests="3" name="runningdifferent.SmokeTestConcept" time="57.209" errors="0" timestamp="2023-05-29T07:20:45 IST" skipped="0">
  <testcase classname="runningdifferent.SmokeTestConcept" name="userLoginTest" time="23.422"/>
  <system-out/>
  <testcase classname="runningdifferent.SmokeTestConcept" name="getTitlePage" time="17.438"/>
  <system-out/>
  <testcase classname="runningdifferent.SmokeTestConcept" name="getCurrentUrlPage" time="16.349"/>
  <system-out/>
</testsuite> <!-- runningdifferent.SmokeTestConcept -->
