<?xml version="1.0" encoding="UTF-8"?>
<!-- Generated by org.testng.reporters.JUnitReportReporter -->
<testsuite hostname="Somashekars-iMac.local" failures="0" tests="20" name="testngconcept.InvocationCountConcept" time="0.046" errors="0" timestamp="2023-05-26T09:50:24 IST" skipped="0">
  <testcase classname="testngconcept.InvocationCountConcept" name="createAccount" time="0.001"/>
  <system-out/>
  <testcase classname="testngconcept.InvocationCountConcept" name="createAccount" time="0.001"/>
  <system-out/>
  <testcase classname="testngconcept.InvocationCountConcept" name="createAccount" time="0.001"/>
  <system-out/>
  <testcase classname="testngconcept.InvocationCountConcept" name="createAccount" time="0.005"/>
  <system-out/>
  <testcase classname="testngconcept.InvocationCountConcept" name="createAccount" time="0.001"/>
  <system-out/>
  <testcase classname="testngconcept.InvocationCountConcept" name="createAccount" time="0.002"/>
  <system-out/>
  <testcase classname="testngconcept.InvocationCountConcept" name="createAccount" time="0.002"/>
  <system-out/>
  <testcase classname="testngconcept.InvocationCountConcept" name="createAccount" time="0.001"/>
  <system-out/>
  <testcase classname="testngconcept.InvocationCountConcept" name="createAccount" time="0.008"/>
  <system-out/>
  <testcase classname="testngconcept.InvocationCountConcept" name="createAccount" time="0.001"/>
  <system-out/>
  <testcase classname="testngconcept.InvocationCountConcept" name="createAccount" time="0.003"/>
  <system-out/>
  <testcase classname="testngconcept.InvocationCountConcept" name="createAccount" time="0.001"/>
  <system-out/>
  <testcase classname="testngconcept.InvocationCountConcept" name="createAccount" time="0.008"/>
  <system-out/>
  <testcase classname="testngconcept.InvocationCountConcept" name="createAccount" time="0.000"/>
  <system-out/>
  <testcase classname="testngconcept.InvocationCountConcept" name="createAccount" time="0.001"/>
  <system-out/>
  <testcase classname="testngconcept.InvocationCountConcept" name="createAccount" time="0.003"/>
  <system-out/>
  <testcase classname="testngconcept.InvocationCountConcept" name="createAccount" time="0.002"/>
  <system-out/>
  <testcase classname="testngconcept.InvocationCountConcept" name="createAccount" time="0.001"/>
  <system-out/>
  <testcase classname="testngconcept.InvocationCountConcept" name="createAccount" time="0.001"/>
  <system-out/>
  <testcase classname="testngconcept.InvocationCountConcept" name="createAccount" time="0.003"/>
  <system-out/>
</testsuite> <!-- testngconcept.InvocationCountConcept -->
