<?xml version="1.0" encoding="UTF-8"?>
<!-- Generated by org.testng.reporters.JUnitReportReporter -->
<testsuite hostname="Somashekars-iMac.local" failures="0" tests="1" name="TakingScreenshotDemo.TakingScreenDemo" time="43.224" errors="0" timestamp="2023-06-08T06:40:19 IST" skipped="0">
  <testcase classname="TakingScreenshotDemo.TakingScreenDemo" name="takeScreen" time="43.224"/>
  <system-out/>
</testsuite> <!-- TakingScreenshotDemo.TakingScreenDemo -->
