<?xml version="1.0" encoding="UTF-8"?>
<!-- Generated by org.testng.reporters.JUnitReportReporter -->
<testsuite hostname="Somashekars-iMac.local" failures="0" tests="1" name="AlertsConcept.AlertConcept3" time="19.615" errors="0" timestamp="2023-06-03T10:36:28 IST" skipped="0">
  <testcase classname="AlertsConcept.AlertConcept3" name="alertHandling" time="19.615"/>
  <system-out/>
</testsuite> <!-- AlertsConcept.AlertConcept3 -->
