<?xml version="1.0" encoding="UTF-8"?>
<!-- Generated by org.testng.reporters.JUnitReportReporter -->
<testsuite hostname="Somashekars-iMac.local" failures="0" tests="1" name="AlertsConcept.AlertConcept2" time="26.145" errors="0" timestamp="2023-06-03T10:20:56 IST" skipped="0">
  <testcase classname="AlertsConcept.AlertConcept2" name="alertHandling" time="26.145"/>
  <system-out/>
</testsuite> <!-- AlertsConcept.AlertConcept2 -->
