<?xml version="1.0" encoding="UTF-8"?>
<!-- Generated by org.testng.reporters.JUnitReportReporter -->
<testsuite hostname="Somashekars-iMac.local" failures="0" tests="4" name="testngconcept.APIOperations" time="0.014" errors="0" timestamp="2023-05-27T08:19:56 IST" skipped="0">
  <testcase classname="testngconcept.APIOperations" name="createUserDeatilsTest" time="0.008"/>
  <system-out/>
  <testcase classname="testngconcept.APIOperations" name="getUserDeatilsTest" time="0.003"/>
  <system-out/>
  <testcase classname="testngconcept.APIOperations" name="updateUserDeatilsTest" time="0.001"/>
  <system-out/>
  <testcase classname="testngconcept.APIOperations" name="delteUserDeatilsTest" time="0.002"/>
  <system-out/>
</testsuite> <!-- testngconcept.APIOperations -->
