<?xml version="1.0" encoding="UTF-8"?>
<!-- Generated by org.testng.reporters.JUnitReportReporter -->
<testsuite hostname="Somashekars-iMac.local" failures="0" tests="2" name="AlertsConcept.AlertDemo" time="32.259" errors="0" timestamp="2023-06-03T10:26:46 IST" skipped="0">
  <testcase classname="AlertsConcept.AlertDemo" name="alertHandling" time="17.594"/>
  <system-out/>
  <testcase classname="AlertsConcept.AlertDemo" name="alertHandling2" time="14.665"/>
  <system-out/>
</testsuite> <!-- AlertsConcept.AlertDemo -->
