<?xml version="1.0" encoding="UTF-8"?>
<!-- Generated by org.testng.reporters.JUnitReportReporter -->
<testsuite hostname="Somashekars-iMac.local" failures="0" tests="1" name="WindowHandleConcept.WindownHandle3" time="28.669" errors="0" timestamp="2023-06-06T07:23:30 IST" skipped="0">
  <testcase classname="WindowHandleConcept.WindownHandle3" name="windownHandleDemo" time="28.669"/>
  <system-out/>
</testsuite> <!-- WindowHandleConcept.WindownHandle3 -->
