<?xml version="1.0" encoding="UTF-8"?>
<!-- Generated by org.testng.reporters.JUnitReportReporter -->
<testsuite hostname="Somashekars-iMac.local" failures="0" tests="1" name="testngconcept.Actitime" time="0.631" errors="0" timestamp="2023-05-26T10:36:47 IST" skipped="0">
  <testcase classname="testngconcept.Actitime" name="testTitle" time="0.631"/>
  <system-out/>
</testsuite> <!-- testngconcept.Actitime -->
