<?xml version="1.0" encoding="UTF-8"?>
<!-- Generated by org.testng.reporters.JUnitReportReporter -->
<testsuite hostname="Somashekars-iMac.local" failures="0" tests="1" name="Actionconcepts.DragAndDropConcept2" time="30.465" errors="0" timestamp="2023-06-04T10:17:40 IST" skipped="0">
  <testcase classname="Actionconcepts.DragAndDropConcept2" name="dragAndDrop1" time="30.465"/>
  <system-out/>
</testsuite> <!-- Actionconcepts.DragAndDropConcept2 -->
