<?xml version="1.0" encoding="UTF-8"?>
<!-- Generated by org.testng.reporters.JUnitReportReporter -->
<testsuite hostname="Somashekars-iMac.local" failures="0" tests="1" name="testngconcept.PriorityConcept" time="0.013" errors="0" timestamp="2023-05-27T07:51:36 IST" skipped="0">
  <testcase classname="testngconcept.PriorityConcept" name="c" time="0.013"/>
  <system-out/>
</testsuite> <!-- testngconcept.PriorityConcept -->
