<?xml version="1.0" encoding="UTF-8"?>
<!-- Generated by org.testng.reporters.JUnitReportReporter -->
<testsuite hostname="Somashekars-iMac.local" failures="0" tests="1" name="ProperDemo.BaseTest" time="12.657" errors="0" timestamp="2023-06-10T07:26:14 IST" skipped="0">
  <testcase classname="ProperDemo.BaseTest" name="appSetUp" time="12.657"/>
  <system-out/>
</testsuite> <!-- ProperDemo.BaseTest -->
