<?xml version="1.0" encoding="UTF-8"?>
<!-- Generated by org.testng.reporters.JUnitReportReporter -->
<testsuite hostname="Somashekars-iMac.local" failures="0" tests="6" name="testngconcept.Priority2" time="0.015" errors="0" timestamp="2023-05-27T07:54:58 IST" skipped="0">
  <testcase classname="testngconcept.Priority2" name="b" time="0.002"/>
  <system-out/>
  <testcase classname="testngconcept.Priority2" name="c" time="0.001"/>
  <system-out/>
  <testcase classname="testngconcept.Priority2" name="ae" time="0.001"/>
  <system-out/>
  <testcase classname="testngconcept.Priority2" name="ad" time="0.008"/>
  <system-out/>
  <testcase classname="testngconcept.Priority2" name="e" time="0.002"/>
  <system-out/>
  <testcase classname="testngconcept.Priority2" name="f" time="0.001"/>
  <system-out/>
</testsuite> <!-- testngconcept.Priority2 -->
