<?xml version="1.0" encoding="UTF-8"?>
<!-- Generated by org.testng.reporters.JUnitReportReporter -->
<testsuite hostname="Somashekars-iMac.local" failures="0" tests="1" name="UploadingConcept.ActionDemo" time="27.103" errors="0" timestamp="2023-06-04T06:52:31 IST" skipped="0">
  <testcase classname="UploadingConcept.ActionDemo" name="alertHandling" time="27.103"/>
  <system-out/>
</testsuite> <!-- UploadingConcept.ActionDemo -->
