<?xml version="1.0" encoding="UTF-8"?>
<!-- Generated by org.testng.reporters.JUnitReportReporter -->
<testsuite hostname="Somashekars-iMac.local" failures="0" tests="1" name="FindElementsConcept.GettingNoOfLinks" time="46.696" errors="0" timestamp="2023-06-03T07:13:11 IST" skipped="0">
  <testcase classname="FindElementsConcept.GettingNoOfLinks" name="gettingWebElements" time="46.696"/>
  <system-out/>
</testsuite> <!-- FindElementsConcept.GettingNoOfLinks -->
