<?xml version="1.0" encoding="UTF-8"?>
<!-- Generated by org.testng.reporters.JUnitReportReporter -->
<testsuite hostname="Somashekars-iMac.local" failures="0" tests="3" name="testngconcept.TestngConcept2" time="46.934" errors="0" timestamp="2023-05-25T07:18:11 IST" skipped="0">
  <testcase classname="testngconcept.TestngConcept2" name="selectRememberMe" time="15.419"/>
  <system-out/>
  <testcase classname="testngconcept.TestngConcept2" name="loginPage" time="21.525"/>
  <system-out/>
  <testcase classname="testngconcept.TestngConcept2" name="titleOfPage" time="9.990"/>
  <system-out/>
</testsuite> <!-- testngconcept.TestngConcept2 -->
