<?xml version="1.0" encoding="UTF-8"?>
<!-- Generated by org.testng.reporters.JUnitReportReporter -->
<testsuite hostname="Somashekars-iMac.local" failures="0" tests="1" name="Actionconcepts.MoveToElementConcept" time="24.488" errors="0" timestamp="2023-06-04T10:37:59 IST" skipped="0">
  <testcase classname="Actionconcepts.MoveToElementConcept" name="alertHandling" time="24.488"/>
  <system-out/>
</testsuite> <!-- Actionconcepts.MoveToElementConcept -->
