<?xml version="1.0" encoding="UTF-8"?>
<!-- Generated by org.testng.reporters.JUnitReportReporter -->
<testsuite hostname="Somashekars-iMac.local" failures="0" tests="1" name="Actionconcepts.Actionconcept2" time="24.406" errors="0" timestamp="2023-06-04T07:11:01 IST" skipped="0">
  <testcase classname="Actionconcepts.Actionconcept2" name="alertHandling" time="24.406"/>
  <system-out/>
</testsuite> <!-- Actionconcepts.Actionconcept2 -->
