<?xml version="1.0" encoding="UTF-8"?>
<!-- Generated by org.testng.reporters.JUnitReportReporter -->
<testsuite hostname="Somashekars-iMac.local" failures="0" tests="1" name="UploadingConcept.UploadFileConcept" time="14.093" errors="0" timestamp="2023-06-03T10:55:14 IST" skipped="0">
  <testcase classname="UploadingConcept.UploadFileConcept" name="alertHandling" time="14.093"/>
  <system-out/>
</testsuite> <!-- UploadingConcept.UploadFileConcept -->
