<?xml version="1.0" encoding="UTF-8"?>
<!-- Generated by org.testng.reporters.JUnitReportReporter -->
<testsuite hostname="Somashekars-iMac.local" failures="0" tests="1" name="testngconcept.FindtheTotallinksPage" time="27.472" errors="0" timestamp="2023-06-02T06:56:33 IST" skipped="0">
  <testcase classname="testngconcept.FindtheTotallinksPage" name="findingTheTotalLinks" time="27.472"/>
  <system-out/>
</testsuite> <!-- testngconcept.FindtheTotallinksPage -->
