<?xml version="1.0" encoding="UTF-8"?>
<!-- Generated by org.testng.reporters.JUnitReportReporter -->
<testsuite hostname="Somashekars-iMac.local" failures="0" tests="3" name="testngconcept.DataproviderConcept1" time="19.241" errors="0" timestamp="2023-05-28T08:47:48 IST" skipped="0">
  <testcase classname="testngconcept.DataproviderConcept1" name="loginTestWithDetails" time="0.813"/>
  <system-out/>
  <testcase classname="testngconcept.DataproviderConcept1" name="loginTestWithDetails" time="0.488"/>
  <system-out/>
  <testcase classname="testngconcept.DataproviderConcept1" name="loginTestWithDetails" time="17.940"/>
  <system-out/>
</testsuite> <!-- testngconcept.DataproviderConcept1 -->
