<?xml version="1.0" encoding="UTF-8"?>
<!-- Generated by org.testng.reporters.JUnitReportReporter -->
<testsuite hostname="Somashekars-iMac.local" failures="0" tests="1" name="Actionconcepts.ActionDemo" time="26.274" errors="0" timestamp="2023-06-04T07:13:08 IST" skipped="0">
  <testcase classname="Actionconcepts.ActionDemo" name="alertHandling" time="26.274"/>
  <system-out/>
</testsuite> <!-- Actionconcepts.ActionDemo -->
