<?xml version="1.0" encoding="UTF-8"?>
<!-- Generated by org.testng.reporters.JUnitReportReporter -->
<testsuite hostname="Somashekars-iMac.local" failures="0" tests="1" name="Actionconcepts.dragAndDropConcept" time="16.534" errors="0" timestamp="2023-06-04T10:02:24 IST" skipped="0">
  <testcase classname="Actionconcepts.dragAndDropConcept" name="alertHandling" time="16.534"/>
  <system-out/>
</testsuite> <!-- Actionconcepts.dragAndDropConcept -->
